nohup: ignoring input
2022-12-29 12:31:18.065284: I tensorflow/core/platform/cpu_feature_guard.cc:193] This TensorFlow binary is optimized with oneAPI Deep Neural Network Library (oneDNN) to use the following CPU instructions in performance-critical operations:  AVX2 AVX512F AVX512_VNNI FMA
To enable them in other operations, rebuild TensorFlow with the appropriate compiler flags.
2022-12-29 12:31:18.207589: I tensorflow/core/util/port.cc:104] oneDNN custom operations are on. You may see slightly different numerical results due to floating-point round-off errors from different computation orders. To turn them off, set the environment variable `TF_ENABLE_ONEDNN_OPTS=0`.
2022-12-29 12:31:19.220688: W tensorflow/compiler/xla/stream_executor/platform/default/dso_loader.cc:64] Could not load dynamic library 'libnvinfer.so.7'; dlerror: libnvinfer.so.7: cannot open shared object file: No such file or directory
2022-12-29 12:31:19.220773: W tensorflow/compiler/xla/stream_executor/platform/default/dso_loader.cc:64] Could not load dynamic library 'libnvinfer_plugin.so.7'; dlerror: libnvinfer_plugin.so.7: cannot open shared object file: No such file or directory
2022-12-29 12:31:19.220782: W tensorflow/compiler/tf2tensorrt/utils/py_utils.cc:38] TF-TRT Warning: Cannot dlopen some TensorRT libraries. If you would like to use Nvidia GPU with TensorRT, please make sure the missing libraries mentioned above are installed properly.
2022-12-29 12:31:20.447253: W tensorflow/compiler/xla/stream_executor/platform/default/dso_loader.cc:64] Could not load dynamic library 'libcusolver.so.11'; dlerror: libcusolver.so.11: cannot open shared object file: No such file or directory
2022-12-29 12:31:20.447929: W tensorflow/compiler/xla/stream_executor/platform/default/dso_loader.cc:64] Could not load dynamic library 'libcudnn.so.8'; dlerror: libcudnn.so.8: cannot open shared object file: No such file or directory
2022-12-29 12:31:20.447963: W tensorflow/core/common_runtime/gpu/gpu_device.cc:1934] Cannot dlopen some GPU libraries. Please make sure the missing libraries mentioned above are installed properly if you would like to use GPU. Follow the guide at https://www.tensorflow.org/install/gpu for how to download and setup the required libraries for your platform.
Skipping registering GPU devices...
INFO:tensorflow:Running BLEURT scoring.
I1229 12:31:20.448130 140280184895232 score_files.py:168] Running BLEURT scoring.
INFO:tensorflow:Reading checkpoint ../../BLEURT-20.
I1229 12:31:20.448360 140280184895232 score.py:160] Reading checkpoint ../../BLEURT-20.
INFO:tensorflow:Config file found, reading.
I1229 12:31:20.448477 140280184895232 checkpoint.py:91] Config file found, reading.
INFO:tensorflow:Will load checkpoint BLEURT-20
I1229 12:31:20.448657 140280184895232 checkpoint.py:95] Will load checkpoint BLEURT-20
INFO:tensorflow:Loads full paths and checks that files exists.
I1229 12:31:20.448718 140280184895232 checkpoint.py:97] Loads full paths and checks that files exists.
INFO:tensorflow:... name:BLEURT-20
I1229 12:31:20.448760 140280184895232 checkpoint.py:101] ... name:BLEURT-20
INFO:tensorflow:... bert_config_file:bert_config.json
I1229 12:31:20.448802 140280184895232 checkpoint.py:101] ... bert_config_file:bert_config.json
INFO:tensorflow:... max_seq_length:512
I1229 12:31:20.448857 140280184895232 checkpoint.py:101] ... max_seq_length:512
INFO:tensorflow:... vocab_file:None
I1229 12:31:20.448899 140280184895232 checkpoint.py:101] ... vocab_file:None
INFO:tensorflow:... do_lower_case:None
I1229 12:31:20.448937 140280184895232 checkpoint.py:101] ... do_lower_case:None
INFO:tensorflow:... sp_model:sent_piece
I1229 12:31:20.448974 140280184895232 checkpoint.py:101] ... sp_model:sent_piece
INFO:tensorflow:... dynamic_seq_length:True
I1229 12:31:20.449033 140280184895232 checkpoint.py:101] ... dynamic_seq_length:True
INFO:tensorflow:Creating BLEURT scorer.
I1229 12:31:20.449078 140280184895232 score.py:167] Creating BLEURT scorer.
INFO:tensorflow:Creating SentencePiece tokenizer.
I1229 12:31:20.449119 140280184895232 tokenizers.py:79] Creating SentencePiece tokenizer.
INFO:tensorflow:Creating SentencePiece tokenizer.
I1229 12:31:20.449170 140280184895232 tokenizers.py:58] Creating SentencePiece tokenizer.
INFO:tensorflow:Will load model: ../../BLEURT-20/sent_piece.model.
I1229 12:31:20.449209 140280184895232 tokenizers.py:60] Will load model: ../../BLEURT-20/sent_piece.model.
INFO:tensorflow:SentencePiece tokenizer created.
I1229 12:31:21.123119 140280184895232 tokenizers.py:64] SentencePiece tokenizer created.
INFO:tensorflow:Creating Eager Mode predictor.
I1229 12:31:21.123506 140280184895232 score.py:56] Creating Eager Mode predictor.
INFO:tensorflow:Loading model.
I1229 12:31:21.123569 140280184895232 score.py:61] Loading model.
2022-12-29 12:31:23.146720: I tensorflow/core/platform/cpu_feature_guard.cc:193] This TensorFlow binary is optimized with oneAPI Deep Neural Network Library (oneDNN) to use the following CPU instructions in performance-critical operations:  AVX2 AVX512F AVX512_VNNI FMA
To enable them in other operations, rebuild TensorFlow with the appropriate compiler flags.
INFO:tensorflow:BLEURT initialized.
I1229 12:31:30.310876 140280184895232 score.py:173] BLEURT initialized.
INFO:tensorflow:Computing BLEURT scores...
I1229 12:31:30.311122 140280184895232 score_files.py:132] Computing BLEURT scores...
INFO:tensorflow:BLEURT scores computed.
I1229 12:44:07.123313 140280184895232 score_files.py:140] BLEURT scores computed.
INFO:tensorflow:Done.
I1229 12:44:07.124435 140280184895232 score_files.py:150] Done.
0.3895396590232849
0.38897210359573364
0.5988443493843079
0.3829805254936218
0.4106404185295105
0.33034443855285645
0.29989537596702576
0.46985185146331787
0.42952919006347656
0.3539232611656189
0.3071097135543823
0.31869906187057495
0.3249470293521881
0.40321850776672363
0.39848238229751587
0.5115760564804077
0.361092746257782
0.40880972146987915
0.2944406569004059
0.33943814039230347
0.38701331615448
0.4545239210128784
0.4763774871826172
0.44107556343078613
0.3307049870491028
0.4682738184928894
0.3789803981781006
0.4781450033187866
0.26814717054367065
0.32177406549453735
0.41468173265457153
0.24722173810005188
0.3463134765625
0.4029139280319214
0.4540538787841797
0.2554140090942383
0.4968973398208618
0.3676769435405731
0.3545759916305542
0.4084289073944092
0.4474181532859802
0.3457639217376709
0.359619140625
0.45909780263900757
0.29995906352996826
0.37452220916748047
0.28417110443115234
0.40917688608169556
0.3369199335575104
0.4278257489204407
0.3414572775363922
0.4063151478767395
0.4320515990257263
0.25253555178642273
0.4280826449394226
0.41254448890686035
0.5368750691413879
0.3566800057888031
0.40058887004852295
0.5268988013267517
0.19498533010482788
0.4295080900192261
0.29880160093307495
0.41010582447052
0.39657580852508545
0.3941633105278015
0.2942121624946594
0.278733491897583
0.434181809425354
0.38249874114990234
0.37976187467575073
0.4703368544578552
0.3352145254611969
0.3969471752643585
0.3267284035682678
0.33644938468933105
0.39415186643600464
0.34773147106170654
0.35049307346343994
0.3316732943058014
0.3569049835205078
0.41379082202911377
0.3250318169593811
0.42515355348587036
0.4180891513824463
0.4609082341194153
0.5055757164955139
0.44167280197143555
0.421097993850708
0.2835828959941864
0.4342191219329834
0.46576589345932007
0.34229499101638794
0.28416818380355835
0.35271090269088745
0.3476829528808594
0.4206845760345459
0.333870530128479
0.372993528842926
0.3061869740486145
0.30947786569595337
0.2938390076160431
0.21361158788204193
0.4000447392463684
0.35931485891342163
0.4338095188140869
0.28548288345336914
0.32867687940597534
0.3906092643737793
0.31891268491744995
0.35471051931381226
0.33940625190734863
0.3615269064903259
0.34368759393692017
0.349032461643219
0.4576326608657837
0.3385254144668579
0.3692450523376465
0.3345504403114319
0.3482467234134674
0.30697745084762573
0.39218980073928833
0.4424554109573364
0.4469180703163147
0.3870890736579895
0.37240925431251526
0.3377841114997864
0.33460336923599243
0.37912166118621826
0.3364439606666565
0.2454172968864441
0.19162651896476746
0.33348751068115234
0.6077525615692139
0.35581517219543457
0.23721346259117126
0.18924623727798462
0.3558514714241028
0.3018627166748047
0.21424204111099243
0.2698133885860443
0.557690441608429
0.26426148414611816
0.4340563416481018
0.3420581817626953
0.39370298385620117
0.4399734139442444
0.3535917401313782
0.37279483675956726
0.456548273563385
0.34972959756851196
0.3702874481678009
0.35865694284439087
0.3849297761917114
0.2955573797225952
0.3066958785057068
0.38396137952804565
0.34827011823654175
0.3403332233428955
0.26227104663848877
0.29267799854278564
0.325894832611084
0.48280370235443115
0.4507818818092346
0.4601115584373474
0.24886971712112427
0.33940064907073975
0.12519307434558868
0.36183756589889526
0.3072832226753235
0.4258118271827698
0.47223007678985596
0.2863500118255615
0.2544717490673065
0.4324958920478821
0.4027419686317444
0.2377566397190094
0.22913631796836853
0.47601717710494995
0.37440311908721924
0.42106401920318604
0.3868040442466736
0.26622483134269714
0.514491856098175
0.34828585386276245
0.3162609934806824
0.4734492301940918
0.572609007358551
0.2654675841331482
0.5908248424530029
0.4826471209526062
0.44388502836227417
0.4737789034843445
0.7607216835021973
0.3356287479400635
0.3919975161552429
0.34210270643234253
0.4448702335357666
0.4239503741264343
0.20960809290409088
0.2859153747558594
0.3906235694885254
0.5714367628097534
0.4712386727333069
0.36761635541915894
0.5017057657241821
0.4275254011154175
0.36959075927734375
0.38962024450302124
0.5066616535186768
0.3551706075668335
0.6086876392364502
0.32889920473098755
0.4134249687194824
0.28830310702323914
0.2956802248954773
0.34151601791381836
0.30207034945487976
0.34581875801086426
0.3778870105743408
0.36942774057388306
0.27624064683914185
0.5500917434692383
0.4620690941810608
0.44366568326950073
0.4134864807128906
0.38051682710647583
0.3269718885421753
0.35605162382125854
0.25153493881225586
0.3829116225242615
0.2607640027999878
0.3057158589363098
0.3146047592163086
0.2829763889312744
0.29781579971313477
0.3524898886680603
0.42455166578292847
0.35410284996032715
0.418290913105011
0.38978880643844604
0.3958361744880676
0.3399196267127991
0.325045108795166
0.34708458185195923
0.41140592098236084
0.40647584199905396
0.3338039517402649
0.37017232179641724
0.3154529929161072
0.4662439823150635
0.35656869411468506
0.39763563871383667
0.3806535601615906
0.4259536862373352
0.3595730662345886
0.19907337427139282
0.266831636428833
0.5454302430152893
0.3904262185096741
0.5363978147506714
0.3520941138267517
0.30624157190322876
0.22220972180366516
0.4287104606628418
0.44877803325653076
0.42689985036849976
0.3072461783885956
0.3710312247276306
0.22697855532169342
0.39797937870025635
0.49778610467910767
0.2935895323753357
0.3375662565231323
0.37181955575942993
0.37511739134788513
0.25689926743507385
