nohup: ignoring input
2022-12-29 12:16:58.714283: I tensorflow/core/platform/cpu_feature_guard.cc:193] This TensorFlow binary is optimized with oneAPI Deep Neural Network Library (oneDNN) to use the following CPU instructions in performance-critical operations:  AVX2 AVX512F AVX512_VNNI FMA
To enable them in other operations, rebuild TensorFlow with the appropriate compiler flags.
2022-12-29 12:16:58.875966: I tensorflow/core/util/port.cc:104] oneDNN custom operations are on. You may see slightly different numerical results due to floating-point round-off errors from different computation orders. To turn them off, set the environment variable `TF_ENABLE_ONEDNN_OPTS=0`.
2022-12-29 12:16:59.689775: W tensorflow/compiler/xla/stream_executor/platform/default/dso_loader.cc:64] Could not load dynamic library 'libnvinfer.so.7'; dlerror: libnvinfer.so.7: cannot open shared object file: No such file or directory
2022-12-29 12:16:59.689855: W tensorflow/compiler/xla/stream_executor/platform/default/dso_loader.cc:64] Could not load dynamic library 'libnvinfer_plugin.so.7'; dlerror: libnvinfer_plugin.so.7: cannot open shared object file: No such file or directory
2022-12-29 12:16:59.689866: W tensorflow/compiler/tf2tensorrt/utils/py_utils.cc:38] TF-TRT Warning: Cannot dlopen some TensorRT libraries. If you would like to use Nvidia GPU with TensorRT, please make sure the missing libraries mentioned above are installed properly.
2022-12-29 12:17:00.640647: W tensorflow/compiler/xla/stream_executor/platform/default/dso_loader.cc:64] Could not load dynamic library 'libcusolver.so.11'; dlerror: libcusolver.so.11: cannot open shared object file: No such file or directory
2022-12-29 12:17:00.641360: W tensorflow/compiler/xla/stream_executor/platform/default/dso_loader.cc:64] Could not load dynamic library 'libcudnn.so.8'; dlerror: libcudnn.so.8: cannot open shared object file: No such file or directory
2022-12-29 12:17:00.641396: W tensorflow/core/common_runtime/gpu/gpu_device.cc:1934] Cannot dlopen some GPU libraries. Please make sure the missing libraries mentioned above are installed properly if you would like to use GPU. Follow the guide at https://www.tensorflow.org/install/gpu for how to download and setup the required libraries for your platform.
Skipping registering GPU devices...
INFO:tensorflow:Running BLEURT scoring.
I1229 12:17:00.641621 139892435351296 score_files.py:168] Running BLEURT scoring.
INFO:tensorflow:Reading checkpoint ../../BLEURT-20.
I1229 12:17:00.641907 139892435351296 score.py:160] Reading checkpoint ../../BLEURT-20.
INFO:tensorflow:Config file found, reading.
I1229 12:17:00.642078 139892435351296 checkpoint.py:91] Config file found, reading.
INFO:tensorflow:Will load checkpoint BLEURT-20
I1229 12:17:00.642322 139892435351296 checkpoint.py:95] Will load checkpoint BLEURT-20
INFO:tensorflow:Loads full paths and checks that files exists.
I1229 12:17:00.642385 139892435351296 checkpoint.py:97] Loads full paths and checks that files exists.
INFO:tensorflow:... name:BLEURT-20
I1229 12:17:00.642429 139892435351296 checkpoint.py:101] ... name:BLEURT-20
INFO:tensorflow:... bert_config_file:bert_config.json
I1229 12:17:00.642469 139892435351296 checkpoint.py:101] ... bert_config_file:bert_config.json
INFO:tensorflow:... max_seq_length:512
I1229 12:17:00.642525 139892435351296 checkpoint.py:101] ... max_seq_length:512
INFO:tensorflow:... vocab_file:None
I1229 12:17:00.642567 139892435351296 checkpoint.py:101] ... vocab_file:None
INFO:tensorflow:... do_lower_case:None
I1229 12:17:00.642605 139892435351296 checkpoint.py:101] ... do_lower_case:None
INFO:tensorflow:... sp_model:sent_piece
I1229 12:17:00.642642 139892435351296 checkpoint.py:101] ... sp_model:sent_piece
INFO:tensorflow:... dynamic_seq_length:True
I1229 12:17:00.642701 139892435351296 checkpoint.py:101] ... dynamic_seq_length:True
INFO:tensorflow:Creating BLEURT scorer.
I1229 12:17:00.642747 139892435351296 score.py:167] Creating BLEURT scorer.
INFO:tensorflow:Creating SentencePiece tokenizer.
I1229 12:17:00.642788 139892435351296 tokenizers.py:79] Creating SentencePiece tokenizer.
INFO:tensorflow:Creating SentencePiece tokenizer.
I1229 12:17:00.642840 139892435351296 tokenizers.py:58] Creating SentencePiece tokenizer.
INFO:tensorflow:Will load model: ../../BLEURT-20/sent_piece.model.
I1229 12:17:00.642879 139892435351296 tokenizers.py:60] Will load model: ../../BLEURT-20/sent_piece.model.
INFO:tensorflow:SentencePiece tokenizer created.
I1229 12:17:01.236110 139892435351296 tokenizers.py:64] SentencePiece tokenizer created.
INFO:tensorflow:Creating Eager Mode predictor.
I1229 12:17:01.236394 139892435351296 score.py:56] Creating Eager Mode predictor.
INFO:tensorflow:Loading model.
I1229 12:17:01.236455 139892435351296 score.py:61] Loading model.
2022-12-29 12:17:02.842212: I tensorflow/core/platform/cpu_feature_guard.cc:193] This TensorFlow binary is optimized with oneAPI Deep Neural Network Library (oneDNN) to use the following CPU instructions in performance-critical operations:  AVX2 AVX512F AVX512_VNNI FMA
To enable them in other operations, rebuild TensorFlow with the appropriate compiler flags.
INFO:tensorflow:BLEURT initialized.
I1229 12:17:09.139009 139892435351296 score.py:173] BLEURT initialized.
INFO:tensorflow:Computing BLEURT scores...
I1229 12:17:09.139286 139892435351296 score_files.py:132] Computing BLEURT scores...
INFO:tensorflow:BLEURT scores computed.
I1229 12:27:47.255751 139892435351296 score_files.py:140] BLEURT scores computed.
INFO:tensorflow:Done.
I1229 12:27:47.257055 139892435351296 score_files.py:150] Done.
0.423259973526001
0.3710062503814697
0.5134409666061401
0.37893980741500854
0.5039486885070801
0.37900280952453613
0.3481457829475403
0.4891594648361206
0.3521457016468048
0.4165273904800415
0.3360862731933594
0.2222667634487152
0.34544941782951355
0.41775840520858765
0.5108607411384583
0.5436122417449951
0.3564608097076416
0.42469972372055054
0.360479474067688
0.26162341237068176
0.3823190927505493
0.4940806031227112
0.3895302414894104
0.37941575050354004
0.4874482750892639
0.47246813774108887
0.3416179418563843
0.37453609704971313
0.2618539333343506
0.3290351927280426
0.3337554931640625
0.21877601742744446
0.31223082542419434
0.4307308793067932
0.4183536767959595
0.3552231788635254
0.5215972661972046
0.32699689269065857
0.3501547574996948
0.38582009077072144
0.4002375602722168
0.35470765829086304
0.36312949657440186
0.5064129829406738
0.3872095048427582
0.42645466327667236
0.24258892238140106
0.39464861154556274
0.3880644142627716
0.42563819885253906
0.39785242080688477
0.38140958547592163
0.41861069202423096
0.4097079634666443
0.4770382046699524
0.44069916009902954
0.5071873664855957
0.3072001338005066
0.3889233469963074
0.4239808917045593
0.3233190178871155
0.34979724884033203
0.3304501175880432
0.4095766544342041
0.38450223207473755
0.38659077882766724
0.3336079716682434
0.40988248586654663
0.40344762802124023
0.40607041120529175
0.43627625703811646
0.3595591187477112
0.3308744430541992
0.36783939599990845
0.3323061764240265
0.3522873818874359
0.4046180844306946
0.3486368954181671
0.31686562299728394
0.34730228781700134
0.40647029876708984
0.3673167824745178
0.42781007289886475
0.41727375984191895
0.453186571598053
0.43564122915267944
0.478635311126709
0.43283969163894653
0.41329026222229004
0.45331621170043945
0.46339738368988037
0.47558480501174927
0.287015438079834
0.28001052141189575
0.38510429859161377
0.39488905668258667
0.3148755431175232
0.31203341484069824
0.39230650663375854
0.31244245171546936
0.36858803033828735
0.32318243384361267
0.22137326002120972
0.39692258834838867
0.32366859912872314
0.3201732635498047
0.3336032032966614
0.25641000270843506
0.3292278051376343
0.3915189504623413
0.4033551812171936
0.31081920862197876
0.36648786067962646
0.36493557691574097
0.3192937970161438
0.5758007168769836
0.35915106534957886
0.36015307903289795
0.33014529943466187
0.3449697494506836
0.3589709997177124
0.6466413140296936
0.4078037142753601
0.399486780166626
0.37024641036987305
0.32491546869277954
0.3087923228740692
0.32579922676086426
0.3719313144683838
0.34057897329330444
0.3554762899875641
0.21624355018138885
0.29398447275161743
0.4131324887275696
0.36781033873558044
0.22502103447914124
0.2867496609687805
0.33091551065444946
0.35209739208221436
0.3805294632911682
0.22717617452144623
0.37149736285209656
0.34246528148651123
0.32515275478363037
0.33156850934028625
0.4556770920753479
0.4403098225593567
0.42432183027267456
0.4081984758377075
0.4306110143661499
0.3862636685371399
0.40388405323028564
0.3300565779209137
0.3458641767501831
0.3183436393737793
0.31163668632507324
0.36810392141342163
0.2706611156463623
0.3498537540435791
0.34816408157348633
0.31810814142227173
0.18801835179328918
0.5608838796615601
0.4227108359336853
0.40517449378967285
0.19660252332687378
0.23436860740184784
0.27139872312545776
0.30161094665527344
0.37389075756073
0.45232975482940674
0.4207630157470703
0.4044031500816345
0.39150476455688477
0.486588716506958
0.46393245458602905
0.33784323930740356
0.27718406915664673
0.49407047033309937
0.34691017866134644
0.45936232805252075
0.48813939094543457
0.38874080777168274
0.3921767473220825
0.35569268465042114
0.3317694067955017
0.4538704752922058
0.5031065344810486
0.30881592631340027
0.46900683641433716
0.39470887184143066
0.3157782554626465
0.41364413499832153
0.583270788192749
0.3037744462490082
0.3985491991043091
0.3396892547607422
0.4372774362564087
0.4957886338233948
0.2691202759742737
0.3517969250679016
0.3971594572067261
0.5581595301628113
0.5312747359275818
0.3955817222595215
0.4019046425819397
0.4275254011154175
0.443665087223053
0.3877766728401184
0.5250465273857117
0.39283496141433716
0.4308788776397705
0.31437963247299194
0.4428254961967468
0.31684237718582153
0.33148372173309326
0.37086355686187744
0.3912351727485657
0.44716876745224
0.3521844744682312
0.40056341886520386
0.3315883278846741
0.47665882110595703
0.4371165633201599
0.3910263776779175
0.44514328241348267
0.39780139923095703
0.3057631254196167
0.32939642667770386
0.21195971965789795
0.4358418583869934
0.28785204887390137
0.27302056550979614
0.2852925658226013
0.30706852674484253
0.3136127293109894
0.30741560459136963
0.3615259528160095
0.34082555770874023
0.40099966526031494
0.46305280923843384
0.3622196316719055
0.4126104712486267
0.26101773977279663
0.36188238859176636
0.44449710845947266
0.4186179041862488
0.30268868803977966
0.3374250531196594
0.2896096110343933
0.42064541578292847
0.4151517152786255
0.36370760202407837
0.40770065784454346
0.47031235694885254
0.42803531885147095
0.21625393629074097
0.349224328994751
0.5741434693336487
0.4088442325592041
0.45720434188842773
0.34256505966186523
0.2431143820285797
0.21967780590057373
0.44624292850494385
0.44783341884613037
0.43024784326553345
0.3360816240310669
0.3714379668235779
0.2547566890716553
0.326725572347641
0.5021826028823853
0.32534587383270264
0.3646199107170105
0.4578132629394531
0.2876206636428833
0.3040335774421692
